<?xml version="1.0" encoding="UTF-8"?>
<!-- Generated by org.testng.reporters.JUnitXMLReporter -->
<testsuite ignored="0" hostname="ShailendraPC" failures="0" tests="7" name="Default test" time="118.973" errors="0" timestamp="23 Jun 2020 06:13:44 GMT">
  <testcase classname="com.crm.qa.testcases.LoginPageTest" name="loginPageTitleTest" time="30.548"/>
  <testcase classname="com.crm.qa.testcases.LoginPageTest" name="loginTest" time="4.082"/>
  <testcase classname="com.crm.qa.testcases.LoginPageTest" name="invalidUserName" time="5.019"/>
  <testcase classname="com.crm.qa.testcases.LoginPageTest" name="invalidPassword" time="4.546"/>
  <testcase classname="com.crm.qa.testcases.LoginPageTest" name="invalidLoginCredentails" time="4.441"/>
  <testcase classname="com.crm.qa.testcases.LoginPageTest" name="blankCredentailsForBoth" time="4.036"/>
  <testcase classname="com.crm.qa.testcases.LoginPageTest" name="validCredentailsForBoth" time="3.591"/>
</testsuite> <!-- Default test -->
