<?xml version="1.0" encoding="UTF-8"?>
<testng-results ignored="0" total="7" passed="7" failed="0" skipped="0">
  <reporter-output>
  </reporter-output>
  <suite started-at="2020-06-23T06:11:45Z" name="Default suite" finished-at="2020-06-23T06:13:44Z" duration-ms="118973">
    <groups>
    </groups>
    <test started-at="2020-06-23T06:11:45Z" name="Default test" finished-at="2020-06-23T06:13:44Z" duration-ms="118973">
      <class name="com.crm.qa.testcases.LoginPageTest">
        <test-method is-config="true" signature="setUp()[pri:0, instance:com.crm.qa.testcases.LoginPageTest@143640d5]" started-at="2020-06-23T11:41:45Z" name="setUp" finished-at="2020-06-23T11:41:54Z" duration-ms="8893" status="PASS">
          <reporter-output>
          </reporter-output>
        </test-method> <!-- setUp -->
        <test-method signature="loginPageTitleTest()[pri:1, instance:com.crm.qa.testcases.LoginPageTest@143640d5]" started-at="2020-06-23T11:41:54Z" name="loginPageTitleTest" finished-at="2020-06-23T11:42:24Z" duration-ms="30548" status="PASS">
          <reporter-output>
          </reporter-output>
        </test-method> <!-- loginPageTitleTest -->
        <test-method is-config="true" signature="tearDown()[pri:0, instance:com.crm.qa.testcases.LoginPageTest@143640d5]" started-at="2020-06-23T11:42:24Z" name="tearDown" finished-at="2020-06-23T11:42:25Z" duration-ms="737" status="PASS">
          <reporter-output>
          </reporter-output>
        </test-method> <!-- tearDown -->
        <test-method is-config="true" signature="setUp()[pri:0, instance:com.crm.qa.testcases.LoginPageTest@143640d5]" started-at="2020-06-23T11:42:25Z" name="setUp" finished-at="2020-06-23T11:42:33Z" duration-ms="7830" status="PASS">
          <reporter-output>
          </reporter-output>
        </test-method> <!-- setUp -->
        <test-method signature="loginTest()[pri:2, instance:com.crm.qa.testcases.LoginPageTest@143640d5]" started-at="2020-06-23T11:42:33Z" name="loginTest" finished-at="2020-06-23T11:42:37Z" duration-ms="4082" status="PASS">
          <reporter-output>
          </reporter-output>
        </test-method> <!-- loginTest -->
        <test-method is-config="true" signature="tearDown()[pri:0, instance:com.crm.qa.testcases.LoginPageTest@143640d5]" started-at="2020-06-23T11:42:37Z" name="tearDown" finished-at="2020-06-23T11:42:38Z" duration-ms="1396" status="PASS">
          <reporter-output>
          </reporter-output>
        </test-method> <!-- tearDown -->
        <test-method is-config="true" signature="setUp()[pri:0, instance:com.crm.qa.testcases.LoginPageTest@143640d5]" started-at="2020-06-23T11:42:38Z" name="setUp" finished-at="2020-06-23T11:42:46Z" duration-ms="7457" status="PASS">
          <reporter-output>
          </reporter-output>
        </test-method> <!-- setUp -->
        <test-method signature="invalidUserName()[pri:3, instance:com.crm.qa.testcases.LoginPageTest@143640d5]" started-at="2020-06-23T11:42:46Z" name="invalidUserName" finished-at="2020-06-23T11:42:51Z" duration-ms="5019" status="PASS">
          <reporter-output>
          </reporter-output>
        </test-method> <!-- invalidUserName -->
        <test-method is-config="true" signature="tearDown()[pri:0, instance:com.crm.qa.testcases.LoginPageTest@143640d5]" started-at="2020-06-23T11:42:51Z" name="tearDown" finished-at="2020-06-23T11:42:52Z" duration-ms="912" status="PASS">
          <reporter-output>
          </reporter-output>
        </test-method> <!-- tearDown -->
        <test-method is-config="true" signature="setUp()[pri:0, instance:com.crm.qa.testcases.LoginPageTest@143640d5]" started-at="2020-06-23T11:42:52Z" name="setUp" finished-at="2020-06-23T11:42:59Z" duration-ms="7829" status="PASS">
          <reporter-output>
          </reporter-output>
        </test-method> <!-- setUp -->
        <test-method signature="invalidPassword()[pri:4, instance:com.crm.qa.testcases.LoginPageTest@143640d5]" started-at="2020-06-23T11:42:59Z" name="invalidPassword" finished-at="2020-06-23T11:43:04Z" duration-ms="4546" status="PASS">
          <reporter-output>
          </reporter-output>
        </test-method> <!-- invalidPassword -->
        <test-method is-config="true" signature="tearDown()[pri:0, instance:com.crm.qa.testcases.LoginPageTest@143640d5]" started-at="2020-06-23T11:43:04Z" name="tearDown" finished-at="2020-06-23T11:43:05Z" duration-ms="1193" status="PASS">
          <reporter-output>
          </reporter-output>
        </test-method> <!-- tearDown -->
        <test-method is-config="true" signature="setUp()[pri:0, instance:com.crm.qa.testcases.LoginPageTest@143640d5]" started-at="2020-06-23T11:43:05Z" name="setUp" finished-at="2020-06-23T11:43:13Z" duration-ms="8016" status="PASS">
          <reporter-output>
          </reporter-output>
        </test-method> <!-- setUp -->
        <test-method signature="invalidLoginCredentails()[pri:5, instance:com.crm.qa.testcases.LoginPageTest@143640d5]" started-at="2020-06-23T11:43:13Z" name="invalidLoginCredentails" finished-at="2020-06-23T11:43:18Z" duration-ms="4441" status="PASS">
          <reporter-output>
          </reporter-output>
        </test-method> <!-- invalidLoginCredentails -->
        <test-method is-config="true" signature="tearDown()[pri:0, instance:com.crm.qa.testcases.LoginPageTest@143640d5]" started-at="2020-06-23T11:43:18Z" name="tearDown" finished-at="2020-06-23T11:43:18Z" duration-ms="805" status="PASS">
          <reporter-output>
          </reporter-output>
        </test-method> <!-- tearDown -->
        <test-method is-config="true" signature="setUp()[pri:0, instance:com.crm.qa.testcases.LoginPageTest@143640d5]" started-at="2020-06-23T11:43:18Z" name="setUp" finished-at="2020-06-23T11:43:27Z" duration-ms="8313" status="PASS">
          <reporter-output>
          </reporter-output>
        </test-method> <!-- setUp -->
        <test-method signature="blankCredentailsForBoth()[pri:6, instance:com.crm.qa.testcases.LoginPageTest@143640d5]" started-at="2020-06-23T11:43:27Z" name="blankCredentailsForBoth" finished-at="2020-06-23T11:43:31Z" duration-ms="4036" status="PASS">
          <reporter-output>
          </reporter-output>
        </test-method> <!-- blankCredentailsForBoth -->
        <test-method is-config="true" signature="tearDown()[pri:0, instance:com.crm.qa.testcases.LoginPageTest@143640d5]" started-at="2020-06-23T11:43:31Z" name="tearDown" finished-at="2020-06-23T11:43:31Z" duration-ms="708" status="PASS">
          <reporter-output>
          </reporter-output>
        </test-method> <!-- tearDown -->
        <test-method is-config="true" signature="setUp()[pri:0, instance:com.crm.qa.testcases.LoginPageTest@143640d5]" started-at="2020-06-23T11:43:31Z" name="setUp" finished-at="2020-06-23T11:43:39Z" duration-ms="7877" status="PASS">
          <reporter-output>
          </reporter-output>
        </test-method> <!-- setUp -->
        <test-method signature="validCredentailsForBoth()[pri:7, instance:com.crm.qa.testcases.LoginPageTest@143640d5]" started-at="2020-06-23T11:43:39Z" name="validCredentailsForBoth" finished-at="2020-06-23T11:43:43Z" duration-ms="3591" status="PASS">
          <reporter-output>
          </reporter-output>
        </test-method> <!-- validCredentailsForBoth -->
        <test-method is-config="true" signature="tearDown()[pri:0, instance:com.crm.qa.testcases.LoginPageTest@143640d5]" started-at="2020-06-23T11:43:43Z" name="tearDown" finished-at="2020-06-23T11:43:44Z" duration-ms="714" status="PASS">
          <reporter-output>
          </reporter-output>
        </test-method> <!-- tearDown -->
      </class> <!-- com.crm.qa.testcases.LoginPageTest -->
    </test> <!-- Default test -->
  </suite> <!-- Default suite -->
</testng-results>
